<!DOCTYPE html>
<html>
<head>
    <title>Unittest Results</title>
    <meta charset="utf-8">
    <meta name="viewport" content="width=device-width, initial-scale=1.0">
    <link rel="stylesheet" href="https://maxcdn.bootstrapcdn.com/bootstrap/3.3.6/css/bootstrap.min.css" integrity="sha384-1q8mTJOASx8j1Au+a5WDVnPi2lkFfwwEAa8hDDdjZlpLegxhjVME1fgjWPGmkzs7" crossorigin="anonymous">
</head>
<body>
    <div class="container">
        <div class="row">
            <div class="col-xs-12">
                <h2 class="text-capitalize">Unittest Results</h2>
                <p class='attribute'><strong>Start Time: </strong>2025-12-03 19:41:21</p>
                <p class='attribute'><strong>Duration: </strong>46.41 s</p>
                <p class='attribute'><strong>Summary: </strong>Total: 2, Pass: 1, Error: 1</p>
            </div>
        </div>
        <div class="row">
            <div class="col-xs-12 col-sm-10 col-md-10">
                <table class='table table-hover table-responsive'>
                    <thead>
                        <tr>
                            <th>__main__.LoginTest</th>
                            <th>Status</th>
                            <th></th>
                        </tr>
                    </thead>
                    <tbody>
                        <tr class='success'>
                            <td class="col-xs-10">test_01_login_valid</td>
                            <td class="col-xs-1">
                                <span class="label label-success" style="display:block;width:40px;">Pass</span>
                            </td>
                            <td class="col-xs-1">
                            </td>
                        </tr>
                        <tr class='warning'>
                            <td class="col-xs-10">test_02_login_invalid</td>
                            <td class="col-xs-1">
                                <span class="label label-warning" style="display:block;width:40px;">Error</span>
                            </td>
                            <td class="col-xs-1">
                                <button class="btn btn-default btn-xs">View</button>
                            </td>
                        </tr>
                        <tr style="display:none;">
                            <td class="col-xs-9" colspan="3"><p style="color:maroon;">InvalidSelectorException: Message: invalid selector: Unable to locate an element with the xpath expression  because of the following error:
SyntaxError: Failed to execute 'evaluate' on 'Document': The string '' is not a valid XPath expression.
  (Session info: chrome=142.0.7444.176); For documentation on this error, please visit: https://www.selenium.dev/documentation/webdriver/troubleshooting/errors#invalidselectorexception
Stacktrace:
Symbols not available. Dumping unresolved backtrace:
	0x7ff62cd1a235
	0x7ff62ca72630
	0x7ff62c8016dd
	0x7ff62c8094c8
	0x7ff62c80c52f
	0x7ff62c80c5ef
	0x7ff62c859b27
	0x7ff62c85a58c
	0x7ff62c8aed77
	0x7ff62c8ababa
	0x7ff62c84b0ed
	0x7ff62c84bf63
	0x7ff62cd45d60
	0x7ff62cd3fe8a
	0x7ff62cd61005
	0x7ff62ca8d71e
	0x7ff62ca94e1f
	0x7ff62ca7b7c4
	0x7ff62ca7b97f
	0x7ff62ca618e8
	0x7ffcb7b7e8d7
	0x7ffcb864c53c
</p><p style="color:maroon;">Traceback (most recent call last):
  File "C:\Users\USER\PycharmProjects\SeleniumPythonProject\POM\Tests\login.py", line 30, in test_02_login_invalid
    msg = driver.find_element('xpath',"").text
          ^^^^^^^^^^^^^^^^^^^^^^^^^^^^^^^
  File "C:\Users\USER\AppData\Local\Programs\Python\Python311\Lib\site-packages\selenium\webdriver\remote\webdriver.py", line 926, in find_element
    return self.execute(Command.FIND_ELEMENT, {"using": by, "value": value})["value"]
           ^^^^^^^^^^^^^^^^^^^^^^^^^^^^^^^^^^^^^^^^^^^^^^^^^^^^^^^^^^^^^^^^^
  File "C:\Users\USER\AppData\Local\Programs\Python\Python311\Lib\site-packages\selenium\webdriver\remote\webdriver.py", line 458, in execute
    self.error_handler.check_response(response)
  File "C:\Users\USER\AppData\Local\Programs\Python\Python311\Lib\site-packages\selenium\webdriver\remote\errorhandler.py", line 233, in check_response
    raise exception_class(message, screen, stacktrace)
selenium.common.exceptions.InvalidSelectorException: Message: invalid selector: Unable to locate an element with the xpath expression  because of the following error:
SyntaxError: Failed to execute 'evaluate' on 'Document': The string '' is not a valid XPath expression.
  (Session info: chrome=142.0.7444.176); For documentation on this error, please visit: https://www.selenium.dev/documentation/webdriver/troubleshooting/errors#invalidselectorexception
Stacktrace:
Symbols not available. Dumping unresolved backtrace:
	0x7ff62cd1a235
	0x7ff62ca72630
	0x7ff62c8016dd
	0x7ff62c8094c8
	0x7ff62c80c52f
	0x7ff62c80c5ef
	0x7ff62c859b27
	0x7ff62c85a58c
	0x7ff62c8aed77
	0x7ff62c8ababa
	0x7ff62c84b0ed
	0x7ff62c84bf63
	0x7ff62cd45d60
	0x7ff62cd3fe8a
	0x7ff62cd61005
	0x7ff62ca8d71e
	0x7ff62ca94e1f
	0x7ff62ca7b7c4
	0x7ff62ca7b97f
	0x7ff62ca618e8
	0x7ffcb7b7e8d7
	0x7ffcb864c53c

</p>
                            </td>
                        </tr>
                        <tr>
                            <td colspan="3">
                                Total: 2, Pass: 1, Error: 1 -- Duration: 46.41 s
                            </td>
                        </tr>
                    </tbody>
                </table>
            </div>
        </div>
    </div>
    <script src="https://ajax.googleapis.com/ajax/libs/jquery/2.2.4/jquery.min.js"></script>
    <script type="text/javascript">
        $(document).ready(function(){
            $('td').on('click', '.btn', function(e){
                e.preventDefault();
                e.stopImmediatePropagation();
                var $this = $(this);
                var $nextRow = $this.closest('tr').next('tr');
                $nextRow.slideToggle("fast");
                $this.text(function(i, text){
                    if (text === 'View') {
                        return 'Hide';
                    } else {
                        return 'View';
                    };
                });
            });
        });
    </script>
</body>
</html